{"/Users/karthikchejerla/Downloads/codingtests/be-test/src/createPayment.ts": {"path":"/Users/karthikchejerla/Downloads/codingtests/be-test/src/createPayment.ts","statementMap":{"0":{"start":{"line":2,"column":0},"end":{"line":2,"column":61}},"1":{"start":{"line":3,"column":0},"end":{"line":3,"column":72}},"2":{"start":{"line":4,"column":0},"end":{"line":4,"column":48}},"3":{"start":{"line":5,"column":0},"end":{"line":5,"column":48}},"4":{"start":{"line":7,"column":23},"end":{"line":34,"column":1}},"5":{"start":{"line":8,"column":27},"end":{"line":8,"column":75}},"6":{"start":{"line":11,"column":36},"end":{"line":11,"column":75}},"7":{"start":{"line":13,"column":4},"end":{"line":33,"column":5}},"8":{"start":{"line":14,"column":29},"end":{"line":14,"column":98}},"9":{"start":{"line":14,"column":77},"end":{"line":14,"column":86}},"10":{"start":{"line":15,"column":8},"end":{"line":15,"column":59}},"11":{"start":{"line":18,"column":26},"end":{"line":18,"column":45}},"12":{"start":{"line":20,"column":33},"end":{"line":24,"column":10}},"13":{"start":{"line":26,"column":8},"end":{"line":32,"column":9}},"14":{"start":{"line":27,"column":22},"end":{"line":27,"column":50}},"15":{"start":{"line":28,"column":12},"end":{"line":28,"column":69}},"16":{"start":{"line":30,"column":12},"end":{"line":30,"column":62}},"17":{"start":{"line":31,"column":12},"end":{"line":31,"column":117}},"18":{"start":{"line":7,"column":13},"end":{"line":7,"column":23}}},"fnMap":{"0":{"name":"(anonymous_0)","decl":{"start":{"line":7,"column":23},"end":{"line":7,"column":28}},"loc":{"start":{"line":7,"column":93},"end":{"line":34,"column":1}}},"1":{"name":"(anonymous_1)","decl":{"start":{"line":14,"column":70},"end":{"line":14,"column":71}},"loc":{"start":{"line":14,"column":77},"end":{"line":14,"column":86}}}},"branchMap":{"0":{"loc":{"start":{"line":8,"column":38},"end":{"line":8,"column":56}},"type":"binary-expr","locations":[{"start":{"line":8,"column":38},"end":{"line":8,"column":48}},{"start":{"line":8,"column":52},"end":{"line":8,"column":56}}]},"1":{"loc":{"start":{"line":13,"column":4},"end":{"line":33,"column":5}},"type":"if","locations":[{"start":{"line":13,"column":4},"end":{"line":33,"column":5}},{"start":{"line":16,"column":11},"end":{"line":33,"column":5}}]}},"s":{"0":1,"1":1,"2":1,"3":1,"4":1,"5":9,"6":9,"7":9,"8":7,"9":9,"10":7,"11":2,"12":2,"13":2,"14":2,"15":1,"16":1,"17":1,"18":1},"f":{"0":9,"1":9},"b":{"0":[9,1],"1":[7,2]}}
,"/Users/karthikchejerla/Downloads/codingtests/be-test/src/generator.ts": {"path":"/Users/karthikchejerla/Downloads/codingtests/be-test/src/generator.ts","statementMap":{"0":{"start":{"line":1,"column":0},"end":{"line":1,"column":36}},"1":{"start":{"line":3,"column":33},"end":{"line":5,"column":1}},"2":{"start":{"line":4,"column":4},"end":{"line":4,"column":20}},"3":{"start":{"line":3,"column":13},"end":{"line":3,"column":33}}},"fnMap":{"0":{"name":"(anonymous_0)","decl":{"start":{"line":3,"column":33},"end":{"line":3,"column":44}},"loc":{"start":{"line":3,"column":46},"end":{"line":5,"column":1}}}},"branchMap":{},"s":{"0":2,"1":2,"2":3,"3":2},"f":{"0":3},"b":{}}
,"/Users/karthikchejerla/Downloads/codingtests/be-test/src/getPayment.ts": {"path":"/Users/karthikchejerla/Downloads/codingtests/be-test/src/getPayment.ts","statementMap":{"0":{"start":{"line":2,"column":0},"end":{"line":2,"column":44}},"1":{"start":{"line":7,"column":23},"end":{"line":39,"column":1}},"2":{"start":{"line":8,"column":22},"end":{"line":8,"column":46}},"3":{"start":{"line":9,"column":4},"end":{"line":14,"column":5}},"4":{"start":{"line":10,"column":8},"end":{"line":13,"column":10}},"5":{"start":{"line":16,"column":4},"end":{"line":38,"column":5}},"6":{"start":{"line":17,"column":24},"end":{"line":17,"column":51}},"7":{"start":{"line":19,"column":8},"end":{"line":24,"column":9}},"8":{"start":{"line":20,"column":12},"end":{"line":23,"column":14}},"9":{"start":{"line":26,"column":8},"end":{"line":32,"column":10}},"10":{"start":{"line":34,"column":8},"end":{"line":37,"column":10}},"11":{"start":{"line":7,"column":13},"end":{"line":7,"column":23}}},"fnMap":{"0":{"name":"(anonymous_0)","decl":{"start":{"line":7,"column":23},"end":{"line":7,"column":28}},"loc":{"start":{"line":7,"column":93},"end":{"line":39,"column":1}}}},"branchMap":{"0":{"loc":{"start":{"line":8,"column":22},"end":{"line":8,"column":46}},"type":"cond-expr","locations":[{"start":{"line":8,"column":42},"end":{"line":8,"column":44}},{"start":{"line":8,"column":42},"end":{"line":8,"column":46}}]},"1":{"loc":{"start":{"line":8,"column":22},"end":{"line":8,"column":44}},"type":"binary-expr","locations":[{"start":{"line":8,"column":22},"end":{"line":8,"column":44}},{"start":{"line":8,"column":42},"end":{"line":8,"column":44}}]},"2":{"loc":{"start":{"line":9,"column":4},"end":{"line":14,"column":5}},"type":"if","locations":[{"start":{"line":9,"column":4},"end":{"line":14,"column":5}}]},"3":{"loc":{"start":{"line":19,"column":8},"end":{"line":24,"column":9}},"type":"if","locations":[{"start":{"line":19,"column":8},"end":{"line":24,"column":9}}]}},"s":{"0":1,"1":1,"2":4,"3":4,"4":1,"5":3,"6":3,"7":2,"8":1,"9":1,"10":1,"11":1},"f":{"0":4},"b":{"0":[0,4],"1":[4,4],"2":[1],"3":[1]}}
,"/Users/karthikchejerla/Downloads/codingtests/be-test/src/listPayments.ts": {"path":"/Users/karthikchejerla/Downloads/codingtests/be-test/src/listPayments.ts","statementMap":{"0":{"start":{"line":2,"column":0},"end":{"line":2,"column":49}},"1":{"start":{"line":3,"column":0},"end":{"line":3,"column":46}},"2":{"start":{"line":5,"column":23},"end":{"line":10,"column":1}},"3":{"start":{"line":6,"column":27},"end":{"line":6,"column":64}},"4":{"start":{"line":8,"column":21},"end":{"line":8,"column":55}},"5":{"start":{"line":9,"column":4},"end":{"line":9,"column":50}},"6":{"start":{"line":5,"column":13},"end":{"line":5,"column":23}}},"fnMap":{"0":{"name":"(anonymous_0)","decl":{"start":{"line":5,"column":23},"end":{"line":5,"column":28}},"loc":{"start":{"line":5,"column":93},"end":{"line":10,"column":1}}}},"branchMap":{"0":{"loc":{"start":{"line":6,"column":27},"end":{"line":6,"column":64}},"type":"cond-expr","locations":[{"start":{"line":6,"column":54},"end":{"line":6,"column":56}},{"start":{"line":6,"column":54},"end":{"line":6,"column":64}}]},"1":{"loc":{"start":{"line":6,"column":27},"end":{"line":6,"column":56}},"type":"binary-expr","locations":[{"start":{"line":6,"column":27},"end":{"line":6,"column":56}},{"start":{"line":6,"column":54},"end":{"line":6,"column":56}}]}},"s":{"0":1,"1":1,"2":1,"3":2,"4":2,"5":2,"6":1},"f":{"0":2},"b":{"0":[1,1],"1":[2,2]}}
,"/Users/karthikchejerla/Downloads/codingtests/be-test/src/paymentSchema.ts": {"path":"/Users/karthikchejerla/Downloads/codingtests/be-test/src/paymentSchema.ts","statementMap":{"0":{"start":{"line":1,"column":0},"end":{"line":1,"column":24}},"1":{"start":{"line":11,"column":13},"end":{"line":20,"column":3}}},"fnMap":{},"branchMap":{},"s":{"0":1,"1":1},"f":{},"b":{}}
,"/Users/karthikchejerla/Downloads/codingtests/be-test/src/lib/apigateway.ts": {"path":"/Users/karthikchejerla/Downloads/codingtests/be-test/src/lib/apigateway.ts","statementMap":{"0":{"start":{"line":3,"column":29},"end":{"line":12,"column":1}},"1":{"start":{"line":4,"column":4},"end":{"line":11,"column":6}},"2":{"start":{"line":3,"column":13},"end":{"line":3,"column":29}},"3":{"start":{"line":14,"column":26},"end":{"line":21,"column":1}},"4":{"start":{"line":15,"column":4},"end":{"line":20,"column":5}},"5":{"start":{"line":16,"column":8},"end":{"line":16,"column":32}},"6":{"start":{"line":18,"column":8},"end":{"line":18,"column":27}},"7":{"start":{"line":19,"column":8},"end":{"line":19,"column":18}},"8":{"start":{"line":14,"column":13},"end":{"line":14,"column":26}}},"fnMap":{"0":{"name":"(anonymous_0)","decl":{"start":{"line":3,"column":29},"end":{"line":3,"column":30}},"loc":{"start":{"line":3,"column":89},"end":{"line":12,"column":1}}},"1":{"name":"(anonymous_1)","decl":{"start":{"line":14,"column":26},"end":{"line":14,"column":27}},"loc":{"start":{"line":14,"column":51},"end":{"line":21,"column":1}}}},"branchMap":{},"s":{"0":2,"1":11,"2":2,"3":2,"4":9,"5":9,"6":1,"7":1,"8":2},"f":{"0":11,"1":9},"b":{}}
,"/Users/karthikchejerla/Downloads/codingtests/be-test/src/lib/dynamodb.ts": {"path":"/Users/karthikchejerla/Downloads/codingtests/be-test/src/lib/dynamodb.ts","statementMap":{"0":{"start":{"line":1,"column":0},"end":{"line":1,"column":58}},"1":{"start":{"line":2,"column":0},"end":{"line":2,"column":63}},"2":{"start":{"line":4,"column":23},"end":{"line":6,"column":2}},"3":{"start":{"line":8,"column":15},"end":{"line":8,"column":68}},"4":{"start":{"line":10,"column":19},"end":{"line":18,"column":2}},"5":{"start":{"line":20,"column":13},"end":{"line":23,"column":3}},"6":{"start":{"line":25,"column":13},"end":{"line":25,"column":68}}},"fnMap":{},"branchMap":{"0":{"loc":{"start":{"line":5,"column":12},"end":{"line":5,"column":54}},"type":"binary-expr","locations":[{"start":{"line":5,"column":12},"end":{"line":5,"column":34}},{"start":{"line":5,"column":38},"end":{"line":5,"column":54}}]},"1":{"loc":{"start":{"line":8,"column":16},"end":{"line":8,"column":42}},"type":"binary-expr","locations":[{"start":{"line":8,"column":16},"end":{"line":8,"column":36}},{"start":{"line":8,"column":40},"end":{"line":8,"column":42}}]},"2":{"loc":{"start":{"line":12,"column":21},"end":{"line":12,"column":61}},"type":"binary-expr","locations":[{"start":{"line":12,"column":21},"end":{"line":12,"column":47}},{"start":{"line":12,"column":51},"end":{"line":12,"column":61}}]},"3":{"loc":{"start":{"line":13,"column":25},"end":{"line":13,"column":67}},"type":"binary-expr","locations":[{"start":{"line":13,"column":25},"end":{"line":13,"column":51}},{"start":{"line":13,"column":55},"end":{"line":13,"column":67}}]},"4":{"loc":{"start":{"line":16,"column":12},"end":{"line":16,"column":45}},"type":"binary-expr","locations":[{"start":{"line":16,"column":12},"end":{"line":16,"column":34}},{"start":{"line":16,"column":38},"end":{"line":16,"column":45}}]},"5":{"loc":{"start":{"line":22,"column":8},"end":{"line":22,"column":28}},"type":"binary-expr","locations":[{"start":{"line":22,"column":8},"end":{"line":22,"column":14}},{"start":{"line":22,"column":18},"end":{"line":22,"column":28}}]}},"s":{"0":3,"1":3,"2":3,"3":3,"4":3,"5":3,"6":3},"f":{},"b":{"0":[3,3],"1":[3,0],"2":[3,3],"3":[3,3],"4":[3,3],"5":[3,3]}}
,"/Users/karthikchejerla/Downloads/codingtests/be-test/src/lib/payments.ts": {"path":"/Users/karthikchejerla/Downloads/codingtests/be-test/src/lib/payments.ts","statementMap":{"0":{"start":{"line":1,"column":0},"end":{"line":1,"column":44}},"1":{"start":{"line":2,"column":0},"end":{"line":2,"column":76}},"2":{"start":{"line":4,"column":26},"end":{"line":4,"column":41}},"3":{"start":{"line":6,"column":26},"end":{"line":15,"column":1}},"4":{"start":{"line":7,"column":19},"end":{"line":11,"column":null}},"5":{"start":{"line":14,"column":4},"end":{"line":14,"column":44}},"6":{"start":{"line":6,"column":13},"end":{"line":6,"column":26}},"7":{"start":{"line":17,"column":28},"end":{"line":37,"column":1}},"8":{"start":{"line":19,"column":24},"end":{"line":32,"column":10}},"9":{"start":{"line":34,"column":19},"end":{"line":34,"column":57}},"10":{"start":{"line":36,"column":4},"end":{"line":36,"column":45}},"11":{"start":{"line":17,"column":13},"end":{"line":17,"column":28}},"12":{"start":{"line":39,"column":29},"end":{"line":46,"column":1}},"13":{"start":{"line":40,"column":4},"end":{"line":45,"column":6}},"14":{"start":{"line":39,"column":13},"end":{"line":39,"column":29}}},"fnMap":{"0":{"name":"(anonymous_0)","decl":{"start":{"line":6,"column":26},"end":{"line":6,"column":31}},"loc":{"start":{"line":6,"column":79},"end":{"line":15,"column":1}}},"1":{"name":"(anonymous_1)","decl":{"start":{"line":17,"column":28},"end":{"line":17,"column":33}},"loc":{"start":{"line":17,"column":76},"end":{"line":37,"column":1}}},"2":{"name":"(anonymous_2)","decl":{"start":{"line":39,"column":29},"end":{"line":39,"column":34}},"loc":{"start":{"line":39,"column":56},"end":{"line":46,"column":1}}}},"branchMap":{"0":{"loc":{"start":{"line":14,"column":12},"end":{"line":14,"column":43}},"type":"binary-expr","locations":[{"start":{"line":14,"column":12},"end":{"line":14,"column":35}},{"start":{"line":14,"column":39},"end":{"line":14,"column":43}}]},"1":{"loc":{"start":{"line":19,"column":24},"end":{"line":32,"column":10}},"type":"cond-expr","locations":[{"start":{"line":20,"column":10},"end":{"line":29,"column":10}},{"start":{"line":30,"column":10},"end":{"line":32,"column":10}}]},"2":{"loc":{"start":{"line":36,"column":12},"end":{"line":36,"column":44}},"type":"binary-expr","locations":[{"start":{"line":36,"column":12},"end":{"line":36,"column":38}},{"start":{"line":36,"column":42},"end":{"line":36,"column":44}}]}},"s":{"0":3,"1":3,"2":3,"3":3,"4":0,"5":0,"6":3,"7":3,"8":0,"9":0,"10":0,"11":3,"12":3,"13":0,"14":3},"f":{"0":0,"1":0,"2":0},"b":{"0":[0,0],"1":[0,0],"2":[0,0]}}
}
