TN:
SF:src/createPayment.ts
FN:7,(anonymous_0)
FN:14,(anonymous_1)
FNF:2
FNH:2
FNDA:9,(anonymous_0)
FNDA:9,(anonymous_1)
DA:2,1
DA:3,1
DA:4,1
DA:5,1
DA:7,1
DA:8,9
DA:11,9
DA:13,9
DA:14,9
DA:15,7
DA:18,2
DA:20,2
DA:26,2
DA:27,2
DA:28,1
DA:30,1
DA:31,1
LF:17
LH:17
BRDA:8,0,0,9
BRDA:8,0,1,1
BRDA:13,1,0,7
BRDA:13,1,1,2
BRF:4
BRH:4
end_of_record
TN:
SF:src/generator.ts
FN:3,(anonymous_0)
FNF:1
FNH:1
FNDA:3,(anonymous_0)
DA:1,2
DA:3,2
DA:4,3
LF:3
LH:3
BRF:0
BRH:0
end_of_record
TN:
SF:src/getPayment.ts
FN:7,(anonymous_0)
FNF:1
FNH:1
FNDA:4,(anonymous_0)
DA:2,1
DA:7,1
DA:8,4
DA:9,4
DA:10,1
DA:16,3
DA:17,3
DA:19,2
DA:20,1
DA:26,1
DA:34,1
LF:11
LH:11
BRDA:8,0,0,0
BRDA:8,0,1,4
BRDA:8,1,0,4
BRDA:8,1,1,4
BRDA:9,2,0,1
BRDA:19,3,0,1
BRF:6
BRH:5
end_of_record
TN:
SF:src/listPayments.ts
FN:5,(anonymous_0)
FNF:1
FNH:1
FNDA:2,(anonymous_0)
DA:2,1
DA:3,1
DA:5,1
DA:6,2
DA:8,2
DA:9,2
LF:6
LH:6
BRDA:6,0,0,1
BRDA:6,0,1,1
BRDA:6,1,0,2
BRDA:6,1,1,2
BRF:4
BRH:4
end_of_record
TN:
SF:src/paymentSchema.ts
FNF:0
FNH:0
DA:1,1
DA:11,1
LF:2
LH:2
BRF:0
BRH:0
end_of_record
TN:
SF:src/lib/apigateway.ts
FN:3,(anonymous_0)
FN:14,(anonymous_1)
FNF:2
FNH:2
FNDA:11,(anonymous_0)
FNDA:9,(anonymous_1)
DA:3,2
DA:4,11
DA:14,2
DA:15,9
DA:16,9
DA:18,1
DA:19,1
LF:7
LH:7
BRF:0
BRH:0
end_of_record
TN:
SF:src/lib/dynamodb.ts
FNF:0
FNH:0
DA:1,3
DA:2,3
DA:4,3
DA:8,3
DA:10,3
DA:20,3
DA:25,3
LF:7
LH:7
BRDA:5,0,0,3
BRDA:5,0,1,3
BRDA:8,1,0,3
BRDA:8,1,1,0
BRDA:12,2,0,3
BRDA:12,2,1,3
BRDA:13,3,0,3
BRDA:13,3,1,3
BRDA:16,4,0,3
BRDA:16,4,1,3
BRDA:22,5,0,3
BRDA:22,5,1,3
BRF:12
BRH:11
end_of_record
TN:
SF:src/lib/payments.ts
FN:6,(anonymous_0)
FN:17,(anonymous_1)
FN:39,(anonymous_2)
FNF:3
FNH:0
FNDA:0,(anonymous_0)
FNDA:0,(anonymous_1)
FNDA:0,(anonymous_2)
DA:1,3
DA:2,3
DA:4,3
DA:6,3
DA:7,0
DA:14,0
DA:17,3
DA:19,0
DA:34,0
DA:36,0
DA:39,3
DA:40,0
LF:12
LH:6
BRDA:14,0,0,0
BRDA:14,0,1,0
BRDA:19,1,0,0
BRDA:19,1,1,0
BRDA:36,2,0,0
BRDA:36,2,1,0
BRF:6
BRH:0
end_of_record
