TN:
SF:src/createPayment.ts
FN:8,(anonymous_0)
FN:15,(anonymous_1)
FNF:2
FNH:2
FNDA:9,(anonymous_0)
FNDA:9,(anonymous_1)
DA:2,1
DA:3,1
DA:4,1
DA:5,1
DA:6,1
DA:8,1
DA:9,9
DA:12,9
DA:14,9
DA:15,9
DA:16,7
DA:17,7
DA:20,2
DA:22,2
DA:28,2
DA:29,2
DA:30,1
DA:32,1
DA:33,1
LF:19
LH:19
BRDA:9,0,0,9
BRDA:9,0,1,1
BRDA:14,1,0,7
BRDA:14,1,1,2
BRF:4
BRH:4
end_of_record
TN:
SF:src/generator.ts
FN:3,(anonymous_0)
FNF:1
FNH:1
FNDA:3,(anonymous_0)
DA:1,2
DA:3,2
DA:4,3
LF:3
LH:3
BRF:0
BRH:0
end_of_record
TN:
SF:src/getPayment.ts
FN:9,(anonymous_0)
FNF:1
FNH:1
FNDA:4,(anonymous_0)
DA:2,1
DA:3,1
DA:9,1
DA:10,4
DA:11,4
DA:12,1
DA:18,3
DA:19,3
DA:22,2
DA:23,1
DA:24,1
DA:25,1
DA:31,1
DA:39,1
DA:40,1
DA:41,1
LF:16
LH:16
BRDA:10,0,0,0
BRDA:10,0,1,4
BRDA:10,1,0,4
BRDA:10,1,1,4
BRDA:11,2,0,1
BRDA:22,3,0,1
BRF:6
BRH:5
end_of_record
TN:
SF:src/listPayments.ts
FN:12,(anonymous_0)
FNF:1
FNH:1
FNDA:3,(anonymous_0)
DA:2,1
DA:3,1
DA:4,1
DA:12,1
DA:13,3
DA:15,3
DA:16,3
DA:17,2
DA:19,1
DA:20,1
LF:10
LH:10
BRDA:13,0,0,1
BRDA:13,0,1,2
BRDA:13,1,0,3
BRDA:13,1,1,3
BRF:4
BRH:4
end_of_record
TN:
SF:src/logger.ts
FNF:0
FNH:0
DA:1,3
DA:3,3
DA:25,3
DA:26,3
LF:4
LH:4
BRDA:25,0,0,3
BRF:1
BRH:1
end_of_record
TN:
SF:src/paymentSchema.ts
FNF:0
FNH:0
DA:1,1
DA:12,1
LF:2
LH:2
BRF:0
BRH:0
end_of_record
TN:
SF:src/lib/apigateway.ts
FN:4,(anonymous_0)
FN:15,(anonymous_1)
FNF:2
FNH:2
FNDA:12,(anonymous_0)
FNDA:9,(anonymous_1)
DA:2,2
DA:4,2
DA:5,12
DA:15,2
DA:16,9
DA:17,9
DA:19,1
DA:20,1
LF:8
LH:8
BRF:0
BRH:0
end_of_record
TN:
SF:src/lib/dynamodb.ts
FNF:0
FNH:0
DA:1,3
DA:2,3
DA:4,3
DA:8,3
DA:10,3
DA:20,3
DA:25,3
LF:7
LH:7
BRDA:5,0,0,3
BRDA:5,0,1,3
BRDA:8,1,0,3
BRDA:8,1,1,0
BRDA:12,2,0,3
BRDA:12,2,1,3
BRDA:13,3,0,3
BRDA:13,3,1,3
BRDA:16,4,0,3
BRDA:16,4,1,3
BRDA:22,5,0,3
BRDA:22,5,1,3
BRF:12
BRH:11
end_of_record
TN:
SF:src/lib/payments.ts
FN:6,(anonymous_0)
FN:17,(anonymous_1)
FN:39,(anonymous_2)
FNF:3
FNH:0
FNDA:0,(anonymous_0)
FNDA:0,(anonymous_1)
FNDA:0,(anonymous_2)
DA:1,3
DA:2,3
DA:4,3
DA:6,3
DA:7,0
DA:14,0
DA:17,3
DA:19,0
DA:34,0
DA:36,0
DA:39,3
DA:40,0
LF:12
LH:6
BRDA:14,0,0,0
BRDA:14,0,1,0
BRDA:19,1,0,0
BRDA:19,1,1,0
BRDA:36,2,0,0
BRDA:36,2,1,0
BRF:6
BRH:0
end_of_record
